Flow report for spi-vhdl
Tue Dec 03 10:41:44 2019
Quartus II 64-Bit Version 13.0.0 Build 156 04/24/2013 SJ Web Edition


---------------------
; Table of Contents ;
---------------------
  1. Legal Notice
  2. Flow Summary
  3. Flow Settings
  4. Flow Non-Default Global Settings
  5. Flow Elapsed Time
  6. Flow OS Summary
  7. Flow Log
  8. Flow Messages
  9. Flow Suppressed Messages



----------------
; Legal Notice ;
----------------
Copyright (C) 1991-2013 Altera Corporation
Your use of Altera Corporation's design tools, logic functions 
and other software and tools, and its AMPP partner logic 
functions, and any output files from any of the foregoing 
(including device programming or simulation files), and any 
associated documentation or information are expressly subject 
to the terms and conditions of the Altera Program License 
Subscription Agreement, Altera MegaCore Function License 
Agreement, or other applicable license agreement, including, 
without limitation, that your use is for the sole purpose of 
programming logic devices manufactured by Altera and sold by 
Altera or its authorized distributors.  Please refer to the 
applicable agreement for further details.



+---------------------------------------------------------------------------------+
; Flow Summary                                                                    ;
+------------------------------------+--------------------------------------------+
; Flow Status                        ; Successful - Tue Dec 03 10:41:44 2019      ;
; Quartus II 64-Bit Version          ; 13.0.0 Build 156 04/24/2013 SJ Web Edition ;
; Revision Name                      ; spi-vhdl                                   ;
; Top-level Entity Name              ; spi_master_top                             ;
; Family                             ; Cyclone IV GX                              ;
; Total logic elements               ; 18 / 14,400 ( < 1 % )                      ;
;     Total combinational functions  ; 18 / 14,400 ( < 1 % )                      ;
;     Dedicated logic registers      ; 14 / 14,400 ( < 1 % )                      ;
; Total registers                    ; 14                                         ;
; Total pins                         ; 7 / 81 ( 9 % )                             ;
; Total virtual pins                 ; 0                                          ;
; Total memory bits                  ; 0 / 552,960 ( 0 % )                        ;
; Embedded Multiplier 9-bit elements ; 0                                          ;
; Total GXB Receiver Channel PCS     ; 0 / 2 ( 0 % )                              ;
; Total GXB Receiver Channel PMA     ; 0 / 2 ( 0 % )                              ;
; Total GXB Transmitter Channel PCS  ; 0 / 2 ( 0 % )                              ;
; Total GXB Transmitter Channel PMA  ; 0 / 2 ( 0 % )                              ;
; Total PLLs                         ; 0 / 3 ( 0 % )                              ;
; Device                             ; EP4CGX15BF14C6                             ;
; Timing Models                      ; Final                                      ;
+------------------------------------+--------------------------------------------+


+-----------------------------------------+
; Flow Settings                           ;
+-------------------+---------------------+
; Option            ; Setting             ;
+-------------------+---------------------+
; Start date & time ; 12/03/2019 10:41:21 ;
; Main task         ; Compilation         ;
; Revision Name     ; spi-vhdl            ;
+-------------------+---------------------+


+-------------------------------------------------------------------------------------------------------------------------+
; Flow Non-Default Global Settings                                                                                        ;
+-------------------------------------+---------------------------------+---------------+----------------+----------------+
; Assignment Name                     ; Value                           ; Default Value ; Entity Name    ; Section Id     ;
+-------------------------------------+---------------------------------+---------------+----------------+----------------+
; COMPILER_SIGNATURE_ID               ; 110073156538700.157538048109444 ; --            ; --             ; --             ;
; EDA_OUTPUT_DATA_FORMAT              ; Vhdl                            ; --            ; --             ; eda_simulation ;
; EDA_SIMULATION_TOOL                 ; ModelSim-Altera (VHDL)          ; <None>        ; --             ; --             ;
; PARTITION_COLOR                     ; 16764057                        ; --            ; spi_master_top ; Top            ;
; PARTITION_FITTER_PRESERVATION_LEVEL ; PLACEMENT_AND_ROUTING           ; --            ; spi_master_top ; Top            ;
; PARTITION_NETLIST_TYPE              ; SOURCE                          ; --            ; spi_master_top ; Top            ;
; PROJECT_OUTPUT_DIRECTORY            ; output_files                    ; --            ; --             ; --             ;
; TOP_LEVEL_ENTITY                    ; spi_master_top                  ; spi-vhdl      ; --             ; --             ;
+-------------------------------------+---------------------------------+---------------+----------------+----------------+


+-------------------------------------------------------------------------------------------------------------------------------+
; Flow Elapsed Time                                                                                                             ;
+---------------------------+--------------+-------------------------+---------------------+------------------------------------+
; Module Name               ; Elapsed Time ; Average Processors Used ; Peak Virtual Memory ; Total CPU Time (on all processors) ;
+---------------------------+--------------+-------------------------+---------------------+------------------------------------+
; Analysis & Synthesis      ; 00:00:02     ; 1.0                     ; 600 MB              ; 00:00:02                           ;
; Fitter                    ; 00:00:09     ; 1.0                     ; 892 MB              ; 00:00:08                           ;
; Assembler                 ; 00:00:02     ; 1.0                     ; 525 MB              ; 00:00:01                           ;
; TimeQuest Timing Analyzer ; 00:00:04     ; 1.0                     ; 529 MB              ; 00:00:03                           ;
; EDA Netlist Writer        ; 00:00:01     ; 1.0                     ; 482 MB              ; 00:00:01                           ;
; Total                     ; 00:00:18     ; --                      ; --                  ; 00:00:15                           ;
+---------------------------+--------------+-------------------------+---------------------+------------------------------------+


+----------------------------------------------------------------------------------------+
; Flow OS Summary                                                                        ;
+---------------------------+------------------+-----------+------------+----------------+
; Module Name               ; Machine Hostname ; OS Name   ; OS Version ; Processor type ;
+---------------------------+------------------+-----------+------------+----------------+
; Analysis & Synthesis      ; Kevin            ; Windows 7 ; 6.2        ; x86_64         ;
; Fitter                    ; Kevin            ; Windows 7 ; 6.2        ; x86_64         ;
; Assembler                 ; Kevin            ; Windows 7 ; 6.2        ; x86_64         ;
; TimeQuest Timing Analyzer ; Kevin            ; Windows 7 ; 6.2        ; x86_64         ;
; EDA Netlist Writer        ; Kevin            ; Windows 7 ; 6.2        ; x86_64         ;
+---------------------------+------------------+-----------+------------+----------------+


------------
; Flow Log ;
------------
quartus_map --read_settings_files=on --write_settings_files=off spi-vhdl -c spi-vhdl
quartus_fit --read_settings_files=off --write_settings_files=off spi-vhdl -c spi-vhdl
quartus_asm --read_settings_files=off --write_settings_files=off spi-vhdl -c spi-vhdl
quartus_sta spi-vhdl -c spi-vhdl
quartus_eda --read_settings_files=off --write_settings_files=off spi-vhdl -c spi-vhdl



